[2022-04-25 20:18:25Z INFO HostContext] No proxy settings were found based on environmental variables (http_proxy/https_proxy/HTTP_PROXY/HTTPS_PROXY)
[2022-04-25 20:18:25Z INFO HostContext] Well known directory 'Bin': '/Users/leandroribeiro/Documents/DevSecOps/argocd-gitops/actions-runner/bin'
[2022-04-25 20:18:25Z INFO HostContext] Well known directory 'Root': '/Users/leandroribeiro/Documents/DevSecOps/argocd-gitops/actions-runner'
[2022-04-25 20:18:25Z INFO HostContext] Well known config file 'Credentials': '/Users/leandroribeiro/Documents/DevSecOps/argocd-gitops/actions-runner/.credentials'
[2022-04-25 20:18:25Z INFO HostContext] Well known directory 'Bin': '/Users/leandroribeiro/Documents/DevSecOps/argocd-gitops/actions-runner/bin'
[2022-04-25 20:18:25Z INFO HostContext] Well known directory 'Root': '/Users/leandroribeiro/Documents/DevSecOps/argocd-gitops/actions-runner'
[2022-04-25 20:18:25Z INFO HostContext] Well known config file 'Runner': '/Users/leandroribeiro/Documents/DevSecOps/argocd-gitops/actions-runner/.runner'
[2022-04-25 20:18:26Z INFO Listener] Runner is built for OSX (X64) - osx-x64.
[2022-04-25 20:18:26Z INFO Listener] RuntimeInformation: Darwin 20.6.0 Darwin Kernel Version 20.6.0: Mon Aug 30 06:12:21 PDT 2021; root:xnu-7195.141.6~3/RELEASE_X86_64.
[2022-04-25 20:18:26Z INFO Listener] Version: 2.290.1
[2022-04-25 20:18:26Z INFO Listener] Commit: b86ce4874592d0ec108506e8fa826ecda1c598c6
[2022-04-25 20:18:26Z INFO Listener] Culture: pt-BR
[2022-04-25 20:18:26Z INFO Listener] UI Culture: pt-BR
[2022-04-25 20:18:26Z INFO HostContext] Well known directory 'Bin': '/Users/leandroribeiro/Documents/DevSecOps/argocd-gitops/actions-runner/bin'
[2022-04-25 20:18:26Z INFO HostContext] Well known directory 'Root': '/Users/leandroribeiro/Documents/DevSecOps/argocd-gitops/actions-runner'
[2022-04-25 20:18:26Z INFO Listener] Validating directory permissions for: '/Users/leandroribeiro/Documents/DevSecOps/argocd-gitops/actions-runner'
[2022-04-25 20:18:26Z INFO CommandLineParser] Parse
[2022-04-25 20:18:26Z INFO CommandLineParser] Parsing 5 args
[2022-04-25 20:18:26Z INFO CommandLineParser] parsing argument
[2022-04-25 20:18:26Z INFO CommandLineParser] HasArgs: False
[2022-04-25 20:18:26Z INFO CommandLineParser] Adding Command: configure
[2022-04-25 20:18:26Z INFO CommandLineParser] parsing argument
[2022-04-25 20:18:26Z INFO CommandLineParser] HasArgs: True
[2022-04-25 20:18:26Z INFO CommandLineParser] arg: url
[2022-04-25 20:18:26Z INFO CommandLineParser] parsing argument
[2022-04-25 20:18:26Z INFO CommandLineParser] HasArgs: True
[2022-04-25 20:18:26Z INFO CommandLineParser] Adding option 'url': 'https://github.com/leandrosouza22/argocd-gitops'
[2022-04-25 20:18:26Z INFO CommandLineParser] parsing argument
[2022-04-25 20:18:26Z INFO CommandLineParser] HasArgs: True
[2022-04-25 20:18:26Z INFO CommandLineParser] arg: token
[2022-04-25 20:18:26Z INFO CommandLineParser] parsing argument
[2022-04-25 20:18:26Z INFO CommandLineParser] HasArgs: True
[2022-04-25 20:18:26Z INFO CommandLineParser] Adding option 'token': '***'
[2022-04-25 20:18:26Z INFO Listener] Arguments parsed
[2022-04-25 20:18:26Z INFO Runner] ExecuteCommand
[2022-04-25 20:18:26Z INFO ConfigurationStore] currentAssemblyLocation: /Users/leandroribeiro/Documents/DevSecOps/argocd-gitops/actions-runner/bin/Runner.Listener.dll
[2022-04-25 20:18:26Z INFO HostContext] Well known directory 'Bin': '/Users/leandroribeiro/Documents/DevSecOps/argocd-gitops/actions-runner/bin'
[2022-04-25 20:18:26Z INFO ConfigurationStore] binPath: /Users/leandroribeiro/Documents/DevSecOps/argocd-gitops/actions-runner/bin
[2022-04-25 20:18:26Z INFO HostContext] Well known directory 'Bin': '/Users/leandroribeiro/Documents/DevSecOps/argocd-gitops/actions-runner/bin'
[2022-04-25 20:18:26Z INFO HostContext] Well known directory 'Root': '/Users/leandroribeiro/Documents/DevSecOps/argocd-gitops/actions-runner'
[2022-04-25 20:18:26Z INFO ConfigurationStore] RootFolder: /Users/leandroribeiro/Documents/DevSecOps/argocd-gitops/actions-runner
[2022-04-25 20:18:26Z INFO HostContext] Well known directory 'Bin': '/Users/leandroribeiro/Documents/DevSecOps/argocd-gitops/actions-runner/bin'
[2022-04-25 20:18:26Z INFO HostContext] Well known directory 'Root': '/Users/leandroribeiro/Documents/DevSecOps/argocd-gitops/actions-runner'
[2022-04-25 20:18:26Z INFO HostContext] Well known config file 'Runner': '/Users/leandroribeiro/Documents/DevSecOps/argocd-gitops/actions-runner/.runner'
[2022-04-25 20:18:26Z INFO ConfigurationStore] ConfigFilePath: /Users/leandroribeiro/Documents/DevSecOps/argocd-gitops/actions-runner/.runner
[2022-04-25 20:18:26Z INFO HostContext] Well known directory 'Bin': '/Users/leandroribeiro/Documents/DevSecOps/argocd-gitops/actions-runner/bin'
[2022-04-25 20:18:26Z INFO HostContext] Well known directory 'Root': '/Users/leandroribeiro/Documents/DevSecOps/argocd-gitops/actions-runner'
[2022-04-25 20:18:26Z INFO HostContext] Well known config file 'Credentials': '/Users/leandroribeiro/Documents/DevSecOps/argocd-gitops/actions-runner/.credentials'
[2022-04-25 20:18:26Z INFO ConfigurationStore] CredFilePath: /Users/leandroribeiro/Documents/DevSecOps/argocd-gitops/actions-runner/.credentials
[2022-04-25 20:18:26Z INFO HostContext] Well known directory 'Bin': '/Users/leandroribeiro/Documents/DevSecOps/argocd-gitops/actions-runner/bin'
[2022-04-25 20:18:26Z INFO HostContext] Well known directory 'Root': '/Users/leandroribeiro/Documents/DevSecOps/argocd-gitops/actions-runner'
[2022-04-25 20:18:26Z INFO HostContext] Well known config file 'MigratedCredentials': '/Users/leandroribeiro/Documents/DevSecOps/argocd-gitops/actions-runner/.credentials_migrated'
[2022-04-25 20:18:26Z INFO ConfigurationStore] MigratedCredFilePath: /Users/leandroribeiro/Documents/DevSecOps/argocd-gitops/actions-runner/.credentials_migrated
[2022-04-25 20:18:26Z INFO HostContext] Well known directory 'Bin': '/Users/leandroribeiro/Documents/DevSecOps/argocd-gitops/actions-runner/bin'
[2022-04-25 20:18:26Z INFO HostContext] Well known directory 'Root': '/Users/leandroribeiro/Documents/DevSecOps/argocd-gitops/actions-runner'
[2022-04-25 20:18:26Z INFO HostContext] Well known config file 'Service': '/Users/leandroribeiro/Documents/DevSecOps/argocd-gitops/actions-runner/.service'
[2022-04-25 20:18:26Z INFO ConfigurationStore] ServiceConfigFilePath: /Users/leandroribeiro/Documents/DevSecOps/argocd-gitops/actions-runner/.service
[2022-04-25 20:18:26Z INFO CommandSettings] Flag 'help': 'False'
[2022-04-25 20:18:26Z INFO CommandSettings] Flag 'version': 'False'
[2022-04-25 20:18:26Z INFO CommandSettings] Flag 'commit': 'False'
[2022-04-25 20:18:26Z INFO CommandSettings] Flag 'check': 'False'
[2022-04-25 20:18:26Z INFO CommandSettings] Command 'configure': 'True'
[2022-04-25 20:18:27Z INFO Terminal] WRITE LINE: 
[2022-04-25 20:18:27Z INFO Terminal] WRITE LINE: --------------------------------------------------------------------------------
[2022-04-25 20:18:27Z INFO Terminal] WRITE LINE: |        ____ _ _   _   _       _          _        _   _                      |
[2022-04-25 20:18:27Z INFO Terminal] WRITE LINE: |       / ___(_) |_| | | |_   _| |__      / \   ___| |_(_) ___  _ __  ___      |
[2022-04-25 20:18:27Z INFO Terminal] WRITE LINE: |      | |  _| | __| |_| | | | | '_ \    / _ \ / __| __| |/ _ \| '_ \/ __|     |
[2022-04-25 20:18:27Z INFO Terminal] WRITE LINE: |      | |_| | | |_|  _  | |_| | |_) |  / ___ \ (__| |_| | (_) | | | \__ \     |
[2022-04-25 20:18:27Z INFO Terminal] WRITE LINE: |       \____|_|\__|_| |_|\__,_|_.__/  /_/   \_\___|\__|_|\___/|_| |_|___/     |
[2022-04-25 20:18:27Z INFO Terminal] WRITE LINE: |                                                                              |
[2022-04-25 20:18:27Z INFO Terminal] WRITE: |                       
[2022-04-25 20:18:27Z INFO Terminal] WRITE: Self-hosted runner registration
[2022-04-25 20:18:27Z INFO Terminal] WRITE LINE:                         |
[2022-04-25 20:18:27Z INFO Terminal] WRITE LINE: |                                                                              |
[2022-04-25 20:18:27Z INFO Terminal] WRITE LINE: --------------------------------------------------------------------------------
[2022-04-25 20:18:27Z INFO ConfigurationManager] ConfigureAsync
[2022-04-25 20:18:27Z INFO ConfigurationStore] IsConfigured()
[2022-04-25 20:18:27Z INFO ConfigurationStore] IsConfigured: False
[2022-04-25 20:18:27Z INFO ConfigurationManager] Is configured: False
[2022-04-25 20:18:27Z INFO CommandSettings] Arg 'url': 'https://github.com/leandrosouza22/argocd-gitops'
[2022-04-25 20:18:27Z INFO CommandSettings] Remove url from Arg dictionary.
[2022-04-25 20:18:27Z INFO CommandSettings] Arg 'token': '***'
[2022-04-25 20:18:27Z INFO CommandSettings] Remove token from Arg dictionary.
[2022-04-25 20:18:31Z INFO ConfigurationManager] Http response code: OK from 'POST https://api.github.com/actions/runner-registration'
[2022-04-25 20:18:31Z INFO ConfigurationManager] cred retrieved via GitHub auth
[2022-04-25 20:18:31Z INFO RunnerServer] Establish connection with 100 seconds timeout.
[2022-04-25 20:18:31Z INFO GitHubActionsService] Starting operation Location.GetConnectionData
[2022-04-25 20:18:31Z INFO RunnerServer] Establish connection with 60 seconds timeout.
[2022-04-25 20:18:31Z INFO GitHubActionsService] Starting operation Location.GetConnectionData
[2022-04-25 20:18:31Z INFO RunnerServer] Establish connection with 60 seconds timeout.
[2022-04-25 20:18:31Z INFO GitHubActionsService] Starting operation Location.GetConnectionData
[2022-04-25 20:18:32Z INFO GitHubActionsService] Finished operation Location.GetConnectionData
[2022-04-25 20:18:32Z INFO GitHubActionsService] Finished operation Location.GetConnectionData
[2022-04-25 20:18:33Z INFO GitHubActionsService] Finished operation Location.GetConnectionData
[2022-04-25 20:18:33Z INFO Terminal] WRITE LINE: 
[2022-04-25 20:18:33Z INFO ConfigurationManager] Test Connection complete.
[2022-04-25 20:18:33Z INFO HostContext] Well known directory 'Bin': '/Users/leandroribeiro/Documents/DevSecOps/argocd-gitops/actions-runner/bin'
[2022-04-25 20:18:33Z INFO HostContext] Well known directory 'Root': '/Users/leandroribeiro/Documents/DevSecOps/argocd-gitops/actions-runner'
[2022-04-25 20:18:33Z INFO HostContext] Well known config file 'RSACredentials': '/Users/leandroribeiro/Documents/DevSecOps/argocd-gitops/actions-runner/.credentials_rsaparams'
[2022-04-25 20:18:33Z INFO RSAFileKeyManager] Creating new RSA key using 2048-bit key length
[2022-04-25 20:18:33Z INFO RSAFileKeyManager] Successfully saved RSA key parameters to file /Users/leandroribeiro/Documents/DevSecOps/argocd-gitops/actions-runner/.credentials_rsaparams
[2022-04-25 20:18:33Z INFO RSAFileKeyManager] Which: 'chmod'
[2022-04-25 20:18:33Z INFO RSAFileKeyManager] Location: '/bin/chmod'
[2022-04-25 20:18:33Z INFO HostContext] Well known directory 'Bin': '/Users/leandroribeiro/Documents/DevSecOps/argocd-gitops/actions-runner/bin'
[2022-04-25 20:18:33Z INFO HostContext] Well known directory 'Root': '/Users/leandroribeiro/Documents/DevSecOps/argocd-gitops/actions-runner'
[2022-04-25 20:18:33Z INFO ProcessInvokerWrapper] Starting process:
[2022-04-25 20:18:33Z INFO ProcessInvokerWrapper]   File name: '/bin/chmod'
[2022-04-25 20:18:33Z INFO ProcessInvokerWrapper]   Arguments: '600 /Users/leandroribeiro/Documents/DevSecOps/argocd-gitops/actions-runner/.credentials_rsaparams'
[2022-04-25 20:18:33Z INFO ProcessInvokerWrapper]   Working directory: '/Users/leandroribeiro/Documents/DevSecOps/argocd-gitops/actions-runner'
[2022-04-25 20:18:33Z INFO ProcessInvokerWrapper]   Require exit code zero: 'False'
[2022-04-25 20:18:33Z INFO ProcessInvokerWrapper]   Encoding web name:  ; code page: ''
[2022-04-25 20:18:33Z INFO ProcessInvokerWrapper]   Force kill process on cancellation: 'False'
[2022-04-25 20:18:33Z INFO ProcessInvokerWrapper]   Redirected STDIN: 'False'
[2022-04-25 20:18:33Z INFO ProcessInvokerWrapper]   Persist current code page: 'False'
[2022-04-25 20:18:33Z INFO ProcessInvokerWrapper]   Keep redirected STDIN open: 'False'
[2022-04-25 20:18:33Z INFO ProcessInvokerWrapper]   High priority process: 'False'
[2022-04-25 20:18:34Z INFO ProcessInvokerWrapper] Process started with process id 8810, waiting for process exit.
[2022-04-25 20:18:34Z INFO ProcessInvokerWrapper] STDOUT/STDERR stream read finished.
[2022-04-25 20:18:34Z INFO ProcessInvokerWrapper] STDOUT/STDERR stream read finished.
[2022-04-25 20:18:34Z INFO ProcessInvokerWrapper] Finished process 8810 with exit code 0, and elapsed time 00:00:00.1859602.
[2022-04-25 20:18:34Z INFO RSAFileKeyManager] Successfully set permissions for RSA key parameters file /Users/leandroribeiro/Documents/DevSecOps/argocd-gitops/actions-runner/.credentials_rsaparams
[2022-04-25 20:18:34Z INFO CommandSettings] Arg 'runnergroup': ''
[2022-04-25 20:18:34Z INFO CommandSettings] Flag 'unattended': 'False'
[2022-04-25 20:18:34Z INFO PromptManager] ReadValue
[2022-04-25 20:18:34Z INFO Terminal] WRITE: Enter the name of the runner group to add this runner to: 
[2022-04-25 20:18:34Z INFO Terminal] WRITE: [press Enter for Default] 
[2022-04-25 20:18:34Z INFO Terminal] READ LINE
[2022-04-25 20:19:19Z INFO Terminal] Read value: ''
[2022-04-25 20:19:19Z INFO PromptManager] Falling back to the default: 'Default'
[2022-04-25 20:19:19Z INFO Terminal] WRITE LINE: 
[2022-04-25 20:19:19Z INFO ConfigurationManager] Found a self-hosted runner group with id 1 and name Default
[2022-04-25 20:19:19Z INFO CommandSettings] Flag 'disableupdate': 'False'
[2022-04-25 20:19:19Z INFO CommandSettings] Flag 'ephemeral': 'False'
[2022-04-25 20:19:19Z INFO CommandSettings] Arg 'name': ''
[2022-04-25 20:19:19Z INFO CommandSettings] Flag 'unattended': 'False'
[2022-04-25 20:19:19Z INFO PromptManager] ReadValue
[2022-04-25 20:19:19Z INFO Terminal] WRITE: Enter the name of runner: 
[2022-04-25 20:19:19Z INFO Terminal] WRITE: [press Enter for MacBook-Pro-de-Leandro] 
[2022-04-25 20:19:19Z INFO Terminal] READ LINE
[2022-04-25 20:19:22Z INFO Terminal] Read value: ''
[2022-04-25 20:19:22Z INFO PromptManager] Falling back to the default: 'MacBook-Pro-de-Leandro'
[2022-04-25 20:19:22Z INFO Terminal] WRITE LINE: 
[2022-04-25 20:19:22Z INFO CommandSettings] Arg 'labels': ''
[2022-04-25 20:19:22Z INFO CommandSettings] Flag 'unattended': 'False'
[2022-04-25 20:19:22Z INFO PromptManager] ReadValue
[2022-04-25 20:19:22Z INFO Terminal] WRITE: This runner will have the following labels: 'self-hosted', 'macOS', 'X64' 
Enter any additional labels (ex. label-1,label-2): 
[2022-04-25 20:19:22Z INFO Terminal] WRITE: [press Enter to skip] 
[2022-04-25 20:19:22Z INFO Terminal] READ LINE
[2022-04-25 20:19:24Z INFO Terminal] Read value: ''
[2022-04-25 20:19:24Z INFO Terminal] WRITE LINE: 
[2022-04-25 20:19:25Z INFO CommandSettings] Flag 'disableupdate': 'False'
[2022-04-25 20:19:25Z INFO CommandSettings] Flag 'disableupdate': 'False'
[2022-04-25 20:19:25Z INFO CommandSettings] Flag 'ephemeral': 'False'
[2022-04-25 20:19:25Z INFO ConfigurationStore] Saving OAuth credential @ /Users/leandroribeiro/Documents/DevSecOps/argocd-gitops/actions-runner/.credentials
[2022-04-25 20:19:25Z INFO ConfigurationStore] Credentials Saved.
[2022-04-25 20:19:25Z INFO ConfigurationStore] HasCredentials()
[2022-04-25 20:19:25Z INFO ConfigurationStore] stored True
[2022-04-25 20:19:25Z INFO CredentialManager] GetCredentialProvider
[2022-04-25 20:19:25Z INFO CredentialManager] Creating type OAuth
[2022-04-25 20:19:25Z INFO CredentialManager] Creating credential type: OAuth
[2022-04-25 20:19:25Z INFO RSAFileKeyManager] Loading RSA key parameters from file /Users/leandroribeiro/Documents/DevSecOps/argocd-gitops/actions-runner/.credentials_rsaparams
[2022-04-25 20:19:26Z INFO RunnerServer] Establish connection with 100 seconds timeout.
[2022-04-25 20:19:26Z INFO GitHubActionsService] Starting operation Location.GetConnectionData
[2022-04-25 20:19:26Z INFO RunnerServer] Establish connection with 60 seconds timeout.
[2022-04-25 20:19:26Z INFO GitHubActionsService] Starting operation Location.GetConnectionData
[2022-04-25 20:19:26Z INFO RunnerServer] Establish connection with 60 seconds timeout.
[2022-04-25 20:19:26Z INFO GitHubActionsService] Starting operation Location.GetConnectionData
[2022-04-25 20:19:26Z INFO GitHubActionsService] Finished operation Location.GetConnectionData
[2022-04-25 20:19:26Z INFO GitHubActionsService] Finished operation Location.GetConnectionData
[2022-04-25 20:19:26Z INFO GitHubActionsService] Finished operation Location.GetConnectionData
[2022-04-25 20:19:27Z WARN GitHubActionsService] Authentication failed with status code 401.
Transfer-Encoding: chunked
WWW-Authenticate: Bearer
Strict-Transport-Security: max-age=2592000
X-TFS-ProcessId: b6f8d60a-e468-4b0b-88a9-5228fba889aa
ActivityId: 5ffdf0bd-2271-480f-a27b-7b29f92b8544
X-TFS-Session: 33f6748d-6093-429f-a3ff-91c221c56161
X-VSS-E2EID: 5c540023-70d0-4f0c-b07e-549780eb7592
X-VSS-SenderDeploymentId: 63be6134-28d1-8c82-e969-91f4e88fcdec
X-TFS-ServiceError: The+user+%27System%3aPublicAccess%3baaaaaaaa-aaaa-aaaa-aaaa-aaaaaaaaaaaa%27+is+not+authorized+to+access+this+resource.
X-VSS-S2STargetService: 0000005A-0000-8888-8000-000000000000/visualstudio.com
X-Cache: CONFIG_NOCACHE
X-MSEdge-Ref: Ref A: 503314A2F3114996A9AAE9E26850476C Ref B: CPQ02EDGE0917 Ref C: 2022-04-25T20:19:27Z
Date: Mon, 25 Apr 2022 20:19:26 GMT

[2022-04-25 20:19:27Z INFO RSAFileKeyManager] Loading RSA key parameters from file /Users/leandroribeiro/Documents/DevSecOps/argocd-gitops/actions-runner/.credentials_rsaparams
[2022-04-25 20:19:27Z INFO RSAFileKeyManager] Loading RSA key parameters from file /Users/leandroribeiro/Documents/DevSecOps/argocd-gitops/actions-runner/.credentials_rsaparams
[2022-04-25 20:19:27Z INFO GitHubActionsService] AAD Correlation ID for this token request: Unknown
[2022-04-25 20:19:27Z INFO CommandSettings] Arg 'work': ''
[2022-04-25 20:19:27Z INFO CommandSettings] Flag 'unattended': 'False'
[2022-04-25 20:19:27Z INFO PromptManager] ReadValue
[2022-04-25 20:19:27Z INFO Terminal] WRITE: Enter name of work folder: 
[2022-04-25 20:19:27Z INFO Terminal] WRITE: [press Enter for _work] 
[2022-04-25 20:19:27Z INFO Terminal] READ LINE
[2022-04-25 20:19:31Z INFO Terminal] Read value: ''
[2022-04-25 20:19:31Z INFO PromptManager] Falling back to the default: '_work'
[2022-04-25 20:19:31Z INFO ConfigurationStore] Saving runner settings.
[2022-04-25 20:19:31Z INFO ConfigurationStore] Settings Saved.
[2022-04-25 20:19:31Z INFO Terminal] WRITE LINE: 
[2022-04-25 20:19:31Z INFO Terminal] WRITE LINE: 
[2022-04-25 20:19:31Z INFO OsxServiceControlManager] Service name 'actions.runner.leandrosouza22-argocd-gitops.MacBook-Pro-de-Leandro' display name 'GitHub Actions Runner (leandrosouza22-argocd-gitops.MacBook-Pro-de-Leandro)' will be used for service configuration.
[2022-04-25 20:19:31Z INFO HostContext] Well known directory 'Bin': '/Users/leandroribeiro/Documents/DevSecOps/argocd-gitops/actions-runner/bin'
[2022-04-25 20:19:31Z INFO HostContext] Well known directory 'Root': '/Users/leandroribeiro/Documents/DevSecOps/argocd-gitops/actions-runner'
[2022-04-25 20:19:31Z INFO HostContext] Well known directory 'Bin': '/Users/leandroribeiro/Documents/DevSecOps/argocd-gitops/actions-runner/bin'
[2022-04-25 20:19:31Z INFO HostContext] Well known directory 'Bin': '/Users/leandroribeiro/Documents/DevSecOps/argocd-gitops/actions-runner/bin'
[2022-04-25 20:19:31Z INFO HostContext] Well known directory 'Root': '/Users/leandroribeiro/Documents/DevSecOps/argocd-gitops/actions-runner'
[2022-04-25 20:19:31Z INFO UnixUtil] Which: 'chmod'
[2022-04-25 20:19:31Z INFO UnixUtil] Location: '/bin/chmod'
[2022-04-25 20:19:31Z INFO UnixUtil] Running /bin/chmod 755 "/Users/leandroribeiro/Documents/DevSecOps/argocd-gitops/actions-runner/svc.sh"
[2022-04-25 20:19:31Z INFO ProcessInvokerWrapper] Starting process:
[2022-04-25 20:19:31Z INFO ProcessInvokerWrapper]   File name: '/bin/chmod'
[2022-04-25 20:19:31Z INFO ProcessInvokerWrapper]   Arguments: '755 "/Users/leandroribeiro/Documents/DevSecOps/argocd-gitops/actions-runner/svc.sh"'
[2022-04-25 20:19:31Z INFO ProcessInvokerWrapper]   Working directory: '/Users/leandroribeiro/Documents/DevSecOps/argocd-gitops/actions-runner'
[2022-04-25 20:19:31Z INFO ProcessInvokerWrapper]   Require exit code zero: 'True'
[2022-04-25 20:19:31Z INFO ProcessInvokerWrapper]   Encoding web name:  ; code page: ''
[2022-04-25 20:19:31Z INFO ProcessInvokerWrapper]   Force kill process on cancellation: 'False'
[2022-04-25 20:19:31Z INFO ProcessInvokerWrapper]   Redirected STDIN: 'False'
[2022-04-25 20:19:31Z INFO ProcessInvokerWrapper]   Persist current code page: 'False'
[2022-04-25 20:19:31Z INFO ProcessInvokerWrapper]   Keep redirected STDIN open: 'False'
[2022-04-25 20:19:31Z INFO ProcessInvokerWrapper]   High priority process: 'False'
[2022-04-25 20:19:31Z INFO ProcessInvokerWrapper] Process started with process id 8953, waiting for process exit.
[2022-04-25 20:19:31Z INFO ProcessInvokerWrapper] STDOUT/STDERR stream read finished.
[2022-04-25 20:19:31Z INFO ProcessInvokerWrapper] STDOUT/STDERR stream read finished.
[2022-04-25 20:19:31Z INFO ProcessInvokerWrapper] Finished process 8953 with exit code 0, and elapsed time 00:00:00.0116705.
[2022-04-25 20:19:31Z INFO Listener] Runner execution has finished with return code 0
